[2020-03-24 21:10:34 INFO oj_server.cpp:20]
<html>
    <head>
        <title>
            在线OJ
        </title>
    </head>
    <body>
        
        <div>
            <a href="/question/1"><h4>1.单链表  简单</h4></a>
        </div>
        
        <div>
            <a href="/question/2"><h4>2.单链表  简单</h4></a>
        </div>
        
        <div>
            <a href="/question/3"><h4>3.单链表  简单</h4></a>
        </div>
        
        <div>
            <a href="/question/4"><h4>4.单链表  简单</h4></a>
        </div>
        
        <div>
            <a href="/question/5"><h4>5.单链表  简单</h4></a>
        </div>
        
    </body>
</html>
-------------------------------------------------------------------------------------------------------------
[2020-03-24 21:10:35 INFO oj_server.cpp:29]
1
-------------------------------------------------------------------------------------------------------------
