[2020-04-21 20:53:52 ERROR oj_model.hpp:103]
Loading open failed topic_path is ./config_oj.cfg
--------------------------------------------------------
[2020-04-21 20:53:52 INFO oj_server.cpp:67]
listen in 0.0.0.0:9090
--------------------------------------------------------
[2020-04-21 20:53:52 INFO oj_server.cpp:68]
Server ready
--------------------------------------------------------
[2020-04-21 20:53:59 INFO oj_server.cpp:21]
<html>
    <head>
        <title>
            在线OJ
        </title>
    </head>
    <body>
        
    </body>
</html>

--------------------------------------------------------
[2020-04-21 20:54:08 INFO oj_server.cpp:21]
<html>
    <head>
        <title>
            在线OJ
        </title>
    </head>
    <body>
        
    </body>
</html>

--------------------------------------------------------
[2020-04-21 20:54:22 INFO oj_server.cpp:21]
<html>
    <head>
        <title>
            在线OJ
        </title>
    </head>
    <body>
        
    </body>
</html>

--------------------------------------------------------
[2020-04-21 20:54:23 INFO oj_server.cpp:21]
<html>
    <head>
        <title>
            在线OJ
        </title>
    </head>
    <body>
        
    </body>
</html>

--------------------------------------------------------
[2020-04-21 20:54:24 INFO oj_server.cpp:21]
<html>
    <head>
        <title>
            在线OJ
        </title>
    </head>
    <body>
        
    </body>
</html>

--------------------------------------------------------
[2020-04-21 20:54:24 INFO oj_server.cpp:21]
<html>
    <head>
        <title>
            在线OJ
        </title>
    </head>
    <body>
        
    </body>
</html>

--------------------------------------------------------
[2020-04-21 20:54:24 INFO oj_server.cpp:21]
<html>
    <head>
        <title>
            在线OJ
        </title>
    </head>
    <body>
        
    </body>
</html>

--------------------------------------------------------
[2020-04-21 20:54:24 INFO oj_server.cpp:21]
<html>
    <head>
        <title>
            在线OJ
        </title>
    </head>
    <body>
        
    </body>
</html>

--------------------------------------------------------
[2020-04-21 20:54:24 INFO oj_server.cpp:21]
<html>
    <head>
        <title>
            在线OJ
        </title>
    </head>
    <body>
        
    </body>
</html>

--------------------------------------------------------
[2020-04-21 20:54:34 INFO oj_server.cpp:21]
<html>
    <head>
        <title>
            在线OJ
        </title>
    </head>
    <body>
        
    </body>
</html>

--------------------------------------------------------
[2020-04-21 20:56:42 ERROR oj_model.hpp:103]
Loading open failed topic_path is ./config_oj.cfg
--------------------------------------------------------
[2020-04-21 20:56:42 INFO oj_server.cpp:67]
listen in 0.0.0.0:9090
--------------------------------------------------------
[2020-04-21 20:56:42 INFO oj_server.cpp:68]
Server ready
--------------------------------------------------------
[2020-04-21 20:56:45 INFO oj_server.cpp:21]
<html>
    <head>
        <title>
            在线OJ
        </title>
    </head>
    <body>
        
    </body>
</html>

--------------------------------------------------------
[2020-04-21 20:56:46 INFO oj_server.cpp:21]
<html>
    <head>
        <title>
            在线OJ
        </title>
    </head>
    <body>
        
    </body>
</html>

--------------------------------------------------------
[2020-04-21 20:56:46 INFO oj_server.cpp:21]
<html>
    <head>
        <title>
            在线OJ
        </title>
    </head>
    <body>
        
    </body>
</html>

--------------------------------------------------------
[2020-04-21 20:56:46 INFO oj_server.cpp:21]
<html>
    <head>
        <title>
            在线OJ
        </title>
    </head>
    <body>
        
    </body>
</html>

--------------------------------------------------------
[2020-04-21 20:56:46 INFO oj_server.cpp:21]
<html>
    <head>
        <title>
            在线OJ
        </title>
    </head>
    <body>
        
    </body>
</html>

--------------------------------------------------------
[2020-04-21 20:56:46 INFO oj_server.cpp:21]
<html>
    <head>
        <title>
            在线OJ
        </title>
    </head>
    <body>
        
    </body>
</html>

--------------------------------------------------------
[2020-04-21 20:59:11 ERROR oj_model.hpp:103]
Loading open failed topic_path is ./config_oj.cfg
--------------------------------------------------------
[2020-04-21 20:59:11 INFO oj_server.cpp:67]
listen in 0.0.0.0:9090
--------------------------------------------------------
[2020-04-21 20:59:11 INFO oj_server.cpp:68]
Server ready
--------------------------------------------------------
[2020-04-21 20:59:14 INFO oj_server.cpp:31]
req.mathches/question/1:1
--------------------------------------------------------
[2020-04-21 20:59:14 ERROR oj_model.hpp:53]
Not found topic id is 1
--------------------------------------------------------
[2020-04-21 20:59:14 INFO oj_server.cpp:38]
<html>
    <head>
        <title>
            在线OJ
        </title>
    </head>
    <!--问题描述-->
    <body>
        <div>. </div>
        <div></div>
    <!--代码编辑框-->
        <div>
            <form action="/question/" method="POST">
                <textarea name="code" rows="50" cols="100"></textarea>
                <br>
                <input type="submit" formenctype="application/json" value="Submit">
            </form>
        </div>
    </body>
</html>

--------------------------------------------------------
[2020-04-21 21:01:28 INFO oj_server.cpp:67]
listen in 0.0.0.0:9090
--------------------------------------------------------
[2020-04-21 21:01:28 INFO oj_server.cpp:68]
Server ready
--------------------------------------------------------
[2020-04-21 21:01:30 INFO oj_server.cpp:31]
req.mathches/question/1:1
--------------------------------------------------------
[2020-04-21 21:01:30 ERROR oj_tools.hpp:33]
Open file failed filename is ./oj_data/1/desc.txt
--------------------------------------------------------
[2020-04-21 21:01:30 ERROR oj_model.hpp:61]
Read desc failed
--------------------------------------------------------
[2020-04-21 21:01:30 INFO oj_server.cpp:38]
<html>
    <head>
        <title>
            在线OJ
        </title>
    </head>
    <!--问题描述-->
    <body>
        <div>1.单链表 简单</div>
        <div></div>
    <!--代码编辑框-->
        <div>
            <form action="/question/1" method="POST">
                <textarea name="code" rows="50" cols="100"></textarea>
                <br>
                <input type="submit" formenctype="application/json" value="Submit">
            </form>
        </div>
    </body>
</html>

--------------------------------------------------------
[2020-04-21 21:01:32 INFO oj_server.cpp:31]
req.mathches/question/1:1
--------------------------------------------------------
[2020-04-21 21:01:32 ERROR oj_tools.hpp:33]
Open file failed filename is ./oj_data/1/desc.txt
--------------------------------------------------------
[2020-04-21 21:01:32 ERROR oj_model.hpp:61]
Read desc failed
--------------------------------------------------------
[2020-04-21 21:01:32 INFO oj_server.cpp:38]
<html>
    <head>
        <title>
            在线OJ
        </title>
    </head>
    <!--问题描述-->
    <body>
        <div>1.单链表 简单</div>
        <div></div>
    <!--代码编辑框-->
        <div>
            <form action="/question/1" method="POST">
                <textarea name="code" rows="50" cols="100"></textarea>
                <br>
                <input type="submit" formenctype="application/json" value="Submit">
            </form>
        </div>
    </body>
</html>

--------------------------------------------------------
[2020-04-21 21:01:32 INFO oj_server.cpp:31]
req.mathches/question/1:1
--------------------------------------------------------
[2020-04-21 21:01:32 ERROR oj_tools.hpp:33]
Open file failed filename is ./oj_data/1/desc.txt
--------------------------------------------------------
[2020-04-21 21:01:32 ERROR oj_model.hpp:61]
Read desc failed
--------------------------------------------------------
[2020-04-21 21:01:32 INFO oj_server.cpp:38]
<html>
    <head>
        <title>
            在线OJ
        </title>
    </head>
    <!--问题描述-->
    <body>
        <div>1.单链表 简单</div>
        <div></div>
    <!--代码编辑框-->
        <div>
            <form action="/question/1" method="POST">
                <textarea name="code" rows="50" cols="100"></textarea>
                <br>
                <input type="submit" formenctype="application/json" value="Submit">
            </form>
        </div>
    </body>
</html>

--------------------------------------------------------
[2020-04-21 21:01:39 INFO oj_server.cpp:21]
<html>
    <head>
        <title>
            在线OJ
        </title>
    </head>
    <body>
        
        <div>
            <a href="/question/1"><h4>1.单链表  简单</h4></a>
        </div>
        
    </body>
</html>

--------------------------------------------------------
[2020-04-21 21:01:40 INFO oj_server.cpp:31]
req.mathches/question/1:1
--------------------------------------------------------
[2020-04-21 21:01:40 ERROR oj_tools.hpp:33]
Open file failed filename is ./oj_data/1/desc.txt
--------------------------------------------------------
[2020-04-21 21:01:40 ERROR oj_model.hpp:61]
Read desc failed
--------------------------------------------------------
[2020-04-21 21:01:40 INFO oj_server.cpp:38]
<html>
    <head>
        <title>
            在线OJ
        </title>
    </head>
    <!--问题描述-->
    <body>
        <div>1.单链表 简单</div>
        <div></div>
    <!--代码编辑框-->
        <div>
            <form action="/question/1" method="POST">
                <textarea name="code" rows="50" cols="100"></textarea>
                <br>
                <input type="submit" formenctype="application/json" value="Submit">
            </form>
        </div>
    </body>
</html>

--------------------------------------------------------
[2020-04-21 21:02:46 INFO oj_server.cpp:67]
listen in 0.0.0.0:9090
--------------------------------------------------------
[2020-04-21 21:02:46 INFO oj_server.cpp:68]
Server ready
--------------------------------------------------------
[2020-04-21 21:02:48 INFO oj_server.cpp:31]
req.mathches/question/1:1
--------------------------------------------------------
[2020-04-21 21:02:48 INFO oj_server.cpp:38]
<html>
    <head>
        <title>
            在线OJ
        </title>
    </head>
    <!--问题描述-->
    <body>
        <div>1.单链表 简单</div>
        <div>设计链表的实现。您可以选择使用单链表或双链表。单链表中的节点应该具有两个属性：val 和 next。val 是当前节点的值，next 是指向下一个节点的指针/引用。如果要使用双向链表，则还需要一个属性 prev 以指示链表中的上一个节点。假设链表中的所有节点都是 0-index 的。

在链表类中实现这些功能：

get(index)：获取链表中第 index 个节点的值。如果索引无效，则返回-1。

addAtHead(val)：在链表的第一个元素之前添加一个值为 val 的节点。插入后，新节点将成为链表的第一个节点。

addAtTail(val)：将值为 val 的节点追加到链表的最后一个元素。

addAtIndex(index,val)：在链表中的第 index 个节点之前添加值为 val  的节点。如果 index 等于链表的长度，则该节点将附加到链表的末尾。如果 index 大于链表长度，则不会插入节点。如果index小于0，则在头部插入节点。

deleteAtIndex(index)：如果索引 index 有效，则删除链表中的第 index 个节点。
</div>
    <!--代码编辑框-->
        <div>
            <form action="/question/1" method="POST">
                <textarea name="code" rows="50" cols="100">#include <iostream>
#include <string>
#include <vector>
#include <map>
#include <algorithm>
using namespace std;

class Solution {
  public:
    bool isPalindrome(int x) {
          
    }
};
</textarea>
                <br>
                <input type="submit" formenctype="application/json" value="Submit">
            </form>
        </div>
    </body>
</html>

--------------------------------------------------------
